<?xml version="1.0" encoding="UTF-8"?>
<!-- Generated by org.testng.reporters.JUnitReportReporter -->
<testsuite hostname="Mamta_Gupta" failures="0" tests="2" name="com.luma.regressiontests.VerifySelectedColorsOfItemsTest" time="0.081" errors="1" timestamp="2025-02-16T22:28:50 GMT-05:00" skipped="1">
  <testcase classname="com.luma.regressiontests.VerifySelectedColorsOfItemsTest" name="verifyColorsOfSelectedItems" time="0.000">
    <skipped/>
  </testcase> <!-- verifyColorsOfSelectedItems -->
  <testcase classname="com.luma.regressiontests.VerifySelectedColorsOfItemsTest" name="setUp" time="0.081">
    <error message="Cannot invoke &quot;com.microsoft.sqlserver.jdbc.TDSReader.peekTokenType()&quot; because &quot;tdsReader&quot; is null" type="java.lang.NullPointerException">
      <![CDATA[java.lang.NullPointerException: Cannot invoke "com.microsoft.sqlserver.jdbc.TDSReader.peekTokenType()" because "tdsReader" is null
at com.microsoft.sqlserver.jdbc.TDSParser.parse(tdsparser.java:66)
at com.microsoft.sqlserver.jdbc.TDSParser.parse(tdsparser.java:42)
at com.microsoft.sqlserver.jdbc.TDSParser.parse(tdsparser.java:31)
at com.microsoft.sqlserver.jdbc.SQLServerStatement.processExecuteResults(SQLServerStatement.java:1355)
at com.microsoft.sqlserver.jdbc.SQLServerPreparedStatement$PrepStmtExecCmd.processResponse(SQLServerPreparedStatement.java:601)
at com.microsoft.sqlserver.jdbc.TDSCommand.close(IOBuffer.java:7815)
at com.microsoft.sqlserver.jdbc.SQLServerStatement.discardLastExecutionResults(SQLServerStatement.java:155)
at com.microsoft.sqlserver.jdbc.SQLServerStatement.closeInternal(SQLServerStatement.java:706)
at com.microsoft.sqlserver.jdbc.SQLServerPreparedStatement.closeInternal(SQLServerPreparedStatement.java:364)
at com.microsoft.sqlserver.jdbc.SQLServerStatement.close(SQLServerStatement.java:721)
at utils.DBUtils.getTestDataForMethod(DBUtils.java:46)
at com.luma.pagetests.BaseTest.getDataMap(BaseTest.java:117)
at com.luma.pagetests.BaseTest.setUp(BaseTest.java:42)
at java.base/jdk.internal.reflect.NativeMethodAccessorImpl.invoke0(Native Method)
at java.base/jdk.internal.reflect.NativeMethodAccessorImpl.invoke(NativeMethodAccessorImpl.java:77)
at java.base/jdk.internal.reflect.DelegatingMethodAccessorImpl.invoke(DelegatingMethodAccessorImpl.java:43)
at java.base/java.lang.reflect.Method.invoke(Method.java:568)
at org.testng.internal.invokers.MethodInvocationHelper.invokeMethod(MethodInvocationHelper.java:139)
at org.testng.internal.invokers.MethodInvocationHelper.invokeMethodConsideringTimeout(MethodInvocationHelper.java:69)
at org.testng.internal.invokers.ConfigInvoker.invokeConfigurationMethod(ConfigInvoker.java:393)
at org.testng.internal.invokers.ConfigInvoker.invokeConfigurations(ConfigInvoker.java:326)
at org.testng.internal.invokers.TestInvoker.runConfigMethods(TestInvoker.java:810)
at org.testng.internal.invokers.TestInvoker.invokeMethod(TestInvoker.java:578)
at org.testng.internal.invokers.TestInvoker.invokeTestMethod(TestInvoker.java:228)
at org.testng.internal.invokers.MethodRunner.runInSequence(MethodRunner.java:63)
at org.testng.internal.invokers.TestInvoker$MethodInvocationAgent.invoke(TestInvoker.java:961)
at org.testng.internal.invokers.TestInvoker.invokeTestMethods(TestInvoker.java:201)
at org.testng.internal.invokers.TestMethodWorker.invokeTestMethods(TestMethodWorker.java:148)
at org.testng.internal.invokers.TestMethodWorker.run(TestMethodWorker.java:128)
at java.base/java.util.concurrent.Executors$RunnableAdapter.call(Executors.java:539)
at java.base/java.util.concurrent.FutureTask.run(FutureTask.java:264)
at org.testng.internal.thread.graph.TestNGFutureTask.run(TestNGFutureTask.java:22)
at java.base/java.util.concurrent.ThreadPoolExecutor.runWorker(ThreadPoolExecutor.java:1136)
at java.base/java.util.concurrent.ThreadPoolExecutor$Worker.run(ThreadPoolExecutor.java:635)
at java.base/java.lang.Thread.run(Thread.java:833)
]]>
    </error>
  </testcase> <!-- setUp -->
</testsuite> <!-- com.luma.regressiontests.VerifySelectedColorsOfItemsTest -->
