<?xml version="1.0" encoding="UTF-8"?>
<!-- Generated by org.testng.reporters.JUnitReportReporter -->
<testsuite hostname="Mamta_Gupta" failures="0" tests="1" name="com.luma.regressiontests.VerifySelectedColorsOfItemsTest" time="51.999" errors="0" timestamp="2025-01-07T00:53:05 GMT-05:00" skipped="0">
  <testcase classname="com.luma.regressiontests.VerifySelectedColorsOfItemsTest" name="verifyColorsOfSelectedItems" time="51.999"/>
</testsuite> <!-- com.luma.regressiontests.VerifySelectedColorsOfItemsTest -->
